2024-04-04 17:30:50.351 [info] Log level: Info
2024-04-04 17:30:50.351 [info] Validating found git in: "git"
2024-04-04 17:30:50.351 [info] Using git "2.34.1" from "git"
2024-04-04 17:31:30.973 [info] Log level: Info
2024-04-04 17:31:30.973 [info] Validating found git in: "git"
2024-04-04 17:31:30.973 [info] Using git "2.34.1" from "git"
2024-04-04 17:31:30.973 [info] > git rev-parse --show-toplevel [2ms]
2024-04-04 17:31:30.979 [info] > git rev-parse --git-dir --git-common-dir [1ms]
2024-04-04 17:31:30.988 [info] Open repository: /opt/lampp/htdocs/edueem
2024-04-04 17:31:31.003 [info] > git rev-parse --show-toplevel [2ms]
2024-04-04 17:31:31.004 [info] > git config --get commit.template [8ms]
2024-04-04 17:31:31.015 [info] > git rev-parse --show-toplevel [4ms]
2024-04-04 17:31:31.018 [info] > git for-each-ref --format=%(refname)%00%(upstream:short)%00%(objectname)%00%(upstream:track)%00%(upstream:remotename)%00%(upstream:remoteref) refs/heads/main refs/remotes/main [4ms]
2024-04-04 17:31:31.019 [info] > git rev-parse --show-toplevel [1ms]
2024-04-04 17:31:31.029 [info] > git rev-parse --show-toplevel [6ms]
2024-04-04 17:31:31.034 [info] > git rev-parse --show-toplevel [0ms]
2024-04-04 17:31:31.038 [info] > git rev-parse --show-toplevel [1ms]
2024-04-04 17:31:31.042 [info] > git rev-parse --show-toplevel [0ms]
2024-04-04 17:31:31.046 [info] > git rev-parse --show-toplevel [0ms]
2024-04-04 17:31:31.051 [info] > git rev-parse --show-toplevel [1ms]
2024-04-04 17:31:31.055 [info] > git rev-parse --show-toplevel [0ms]
2024-04-04 17:31:31.059 [info] > git rev-parse --show-toplevel [1ms]
2024-04-04 17:31:31.063 [info] > git rev-parse --show-toplevel [1ms]
2024-04-04 17:31:31.303 [info] > git status -z -uall [275ms]
2024-04-04 17:31:31.326 [info] > git config --get commit.template [8ms]
2024-04-04 17:31:31.362 [info] > git for-each-ref --format=%(refname)%00%(upstream:short)%00%(objectname)%00%(upstream:track)%00%(upstream:remotename)%00%(upstream:remoteref) refs/heads/main refs/remotes/main [32ms]
2024-04-04 17:31:31.498 [info] > git check-ignore -v -z --stdin [3ms]
2024-04-04 17:31:31.644 [info] > git status -z -uall [263ms]
2024-04-04 17:31:34.367 [info] > git config --get commit.template [7ms]
2024-04-04 17:31:34.369 [info] > git for-each-ref --format=%(refname)%00%(upstream:short)%00%(objectname)%00%(upstream:track)%00%(upstream:remotename)%00%(upstream:remoteref) refs/heads/main refs/remotes/main [3ms]
2024-04-04 17:31:34.627 [info] > git status -z -uall [251ms]
2024-04-04 17:31:39.652 [info] > git config --get commit.template [10ms]
2024-04-04 17:31:39.654 [info] > git for-each-ref --format=%(refname)%00%(upstream:short)%00%(objectname)%00%(upstream:track)%00%(upstream:remotename)%00%(upstream:remoteref) refs/heads/main refs/remotes/main [3ms]
2024-04-04 17:31:39.910 [info] > git status -z -uall [247ms]
2024-04-04 17:31:44.935 [info] > git config --get commit.template [10ms]
2024-04-04 17:31:44.936 [info] > git for-each-ref --format=%(refname)%00%(upstream:short)%00%(objectname)%00%(upstream:track)%00%(upstream:remotename)%00%(upstream:remoteref) refs/heads/main refs/remotes/main [3ms]
2024-04-04 17:31:45.193 [info] > git status -z -uall [249ms]
2024-04-04 17:31:50.212 [info] > git config --get commit.template [5ms]
2024-04-04 17:31:50.218 [info] > git for-each-ref --format=%(refname)%00%(upstream:short)%00%(objectname)%00%(upstream:track)%00%(upstream:remotename)%00%(upstream:remoteref) refs/heads/main refs/remotes/main [1ms]
2024-04-04 17:31:50.465 [info] > git status -z -uall [242ms]
2024-04-04 17:31:55.490 [info] > git config --get commit.template [9ms]
2024-04-04 17:31:55.491 [info] > git for-each-ref --format=%(refname)%00%(upstream:short)%00%(objectname)%00%(upstream:track)%00%(upstream:remotename)%00%(upstream:remoteref) refs/heads/main refs/remotes/main [3ms]
2024-04-04 17:31:55.753 [info] > git status -z -uall [254ms]
2024-04-04 17:32:00.776 [info] > git config --get commit.template [9ms]
2024-04-04 17:32:00.777 [info] > git for-each-ref --format=%(refname)%00%(upstream:short)%00%(objectname)%00%(upstream:track)%00%(upstream:remotename)%00%(upstream:remoteref) refs/heads/main refs/remotes/main [2ms]
2024-04-04 17:32:01.041 [info] > git status -z -uall [256ms]
2024-04-04 17:32:06.054 [info] > git config --get commit.template [5ms]
2024-04-04 17:32:06.055 [info] > git for-each-ref --format=%(refname)%00%(upstream:short)%00%(objectname)%00%(upstream:track)%00%(upstream:remotename)%00%(upstream:remoteref) refs/heads/main refs/remotes/main [2ms]
2024-04-04 17:32:06.317 [info] > git status -z -uall [258ms]
2024-04-04 17:39:29.768 [info] > git check-ignore -v -z --stdin [1ms]
2024-04-04 17:39:30.997 [info] > git check-ignore -v -z --stdin [1ms]
2024-04-04 17:39:31.552 [info] > git show --textconv :routes/web.php [7ms]
2024-04-04 17:39:31.554 [info] > git ls-files --stage -- /opt/lampp/htdocs/edueem/routes/web.php [2ms]
2024-04-04 17:39:31.563 [info] > git cat-file -s 26cee5df9aaabda2d55a6764322d95736e0324e5 [1ms]
2024-04-04 17:40:43.404 [info] > git ls-files --stage -- /opt/lampp/htdocs/edueem/routes/web.php [1ms]
2024-04-04 17:40:43.410 [info] > git cat-file -s 26cee5df9aaabda2d55a6764322d95736e0324e5 [1ms]
2024-04-04 17:40:43.417 [info] > git show --textconv :routes/web.php [2ms]
2024-04-04 17:43:08.449 [info] > git config --get commit.template [5ms]
2024-04-04 17:43:08.449 [info] > git for-each-ref --format=%(refname)%00%(upstream:short)%00%(objectname)%00%(upstream:track)%00%(upstream:remotename)%00%(upstream:remoteref) refs/heads/main refs/remotes/main [1ms]
2024-04-04 17:43:08.466 [info] > git status -z -uall [13ms]
2024-04-04 17:43:13.489 [info] > git config --get commit.template [8ms]
2024-04-04 17:43:13.490 [info] > git for-each-ref --format=%(refname)%00%(upstream:short)%00%(objectname)%00%(upstream:track)%00%(upstream:remotename)%00%(upstream:remoteref) refs/heads/main refs/remotes/main [3ms]
2024-04-04 17:43:13.513 [info] > git status -z -uall [15ms]
2024-04-04 17:43:18.539 [info] > git config --get commit.template [8ms]
2024-04-04 17:43:18.541 [info] > git for-each-ref --format=%(refname)%00%(upstream:short)%00%(objectname)%00%(upstream:track)%00%(upstream:remotename)%00%(upstream:remoteref) refs/heads/main refs/remotes/main [2ms]
2024-04-04 17:43:18.562 [info] > git status -z -uall [14ms]
2024-04-04 17:43:23.582 [info] > git config --get commit.template [6ms]
2024-04-04 17:43:23.584 [info] > git for-each-ref --format=%(refname)%00%(upstream:short)%00%(objectname)%00%(upstream:track)%00%(upstream:remotename)%00%(upstream:remoteref) refs/heads/main refs/remotes/main [3ms]
2024-04-04 17:43:23.612 [info] > git status -z -uall [20ms]
2024-04-04 17:43:28.643 [info] > git config --get commit.template [10ms]
2024-04-04 17:43:28.644 [info] > git for-each-ref --format=%(refname)%00%(upstream:short)%00%(objectname)%00%(upstream:track)%00%(upstream:remotename)%00%(upstream:remoteref) refs/heads/main refs/remotes/main [2ms]
2024-04-04 17:43:28.669 [info] > git status -z -uall [17ms]
2024-04-04 17:43:33.696 [info] > git config --get commit.template [9ms]
2024-04-04 17:43:33.698 [info] > git for-each-ref --format=%(refname)%00%(upstream:short)%00%(objectname)%00%(upstream:track)%00%(upstream:remotename)%00%(upstream:remoteref) refs/heads/main refs/remotes/main [3ms]
2024-04-04 17:43:33.719 [info] > git status -z -uall [14ms]
2024-04-04 17:43:38.741 [info] > git config --get commit.template [7ms]
2024-04-04 17:43:38.743 [info] > git for-each-ref --format=%(refname)%00%(upstream:short)%00%(objectname)%00%(upstream:track)%00%(upstream:remotename)%00%(upstream:remoteref) refs/heads/main refs/remotes/main [3ms]
2024-04-04 17:43:38.765 [info] > git status -z -uall [14ms]
2024-04-04 17:43:43.784 [info] > git config --get commit.template [6ms]
2024-04-04 17:43:43.785 [info] > git for-each-ref --format=%(refname)%00%(upstream:short)%00%(objectname)%00%(upstream:track)%00%(upstream:remotename)%00%(upstream:remoteref) refs/heads/main refs/remotes/main [2ms]
2024-04-04 17:43:43.801 [info] > git status -z -uall [12ms]
2024-04-04 17:43:48.829 [info] > git config --get commit.template [10ms]
2024-04-04 17:43:48.830 [info] > git for-each-ref --format=%(refname)%00%(upstream:short)%00%(objectname)%00%(upstream:track)%00%(upstream:remotename)%00%(upstream:remoteref) refs/heads/main refs/remotes/main [3ms]
2024-04-04 17:43:48.855 [info] > git status -z -uall [17ms]
2024-04-04 17:43:53.881 [info] > git config --get commit.template [10ms]
2024-04-04 17:43:53.881 [info] > git for-each-ref --format=%(refname)%00%(upstream:short)%00%(objectname)%00%(upstream:track)%00%(upstream:remotename)%00%(upstream:remoteref) refs/heads/main refs/remotes/main [2ms]
2024-04-04 17:43:53.904 [info] > git status -z -uall [17ms]
2024-04-04 17:43:58.929 [info] > git config --get commit.template [6ms]
2024-04-04 17:43:58.931 [info] > git for-each-ref --format=%(refname)%00%(upstream:short)%00%(objectname)%00%(upstream:track)%00%(upstream:remotename)%00%(upstream:remoteref) refs/heads/main refs/remotes/main [3ms]
2024-04-04 17:43:58.949 [info] > git status -z -uall [12ms]
2024-04-04 17:44:03.973 [info] > git config --get commit.template [9ms]
2024-04-04 17:44:03.975 [info] > git for-each-ref --format=%(refname)%00%(upstream:short)%00%(objectname)%00%(upstream:track)%00%(upstream:remotename)%00%(upstream:remoteref) refs/heads/main refs/remotes/main [3ms]
2024-04-04 17:44:03.997 [info] > git status -z -uall [14ms]
2024-04-04 17:44:09.026 [info] > git config --get commit.template [10ms]
2024-04-04 17:44:09.027 [info] > git for-each-ref --format=%(refname)%00%(upstream:short)%00%(objectname)%00%(upstream:track)%00%(upstream:remotename)%00%(upstream:remoteref) refs/heads/main refs/remotes/main [3ms]
2024-04-04 17:44:09.093 [info] > git status -z -uall [20ms]
2024-04-04 17:44:10.333 [info] > git check-ignore -v -z --stdin [4ms]
2024-04-04 17:44:12.100 [info] > git check-ignore -v -z --stdin [4ms]
2024-04-04 17:44:12.854 [info] > git show --textconv :resources/views/home.blade.php [9ms]
2024-04-04 17:44:12.856 [info] > git ls-files --stage -- /opt/lampp/htdocs/edueem/resources/views/home.blade.php [3ms]
2024-04-04 17:44:14.113 [info] > git config --get commit.template [6ms]
2024-04-04 17:44:14.115 [info] > git for-each-ref --format=%(refname)%00%(upstream:short)%00%(objectname)%00%(upstream:track)%00%(upstream:remotename)%00%(upstream:remoteref) refs/heads/main refs/remotes/main [3ms]
2024-04-04 17:44:14.138 [info] > git status -z -uall [15ms]
2024-04-04 17:44:19.158 [info] > git config --get commit.template [5ms]
2024-04-04 17:44:19.159 [info] > git for-each-ref --format=%(refname)%00%(upstream:short)%00%(objectname)%00%(upstream:track)%00%(upstream:remotename)%00%(upstream:remoteref) refs/heads/main refs/remotes/main [1ms]
2024-04-04 17:44:19.184 [info] > git status -z -uall [16ms]
2024-04-04 17:44:19.764 [info] > git show --textconv :resources/views/welcome.blade.php [5ms]
2024-04-04 17:44:19.765 [info] > git ls-files --stage -- /opt/lampp/htdocs/edueem/resources/views/welcome.blade.php [2ms]
2024-04-04 17:44:19.769 [info] > git cat-file -s 33533508ada72fb362d955b54ca7f3886607d156 [1ms]
2024-04-04 17:44:21.777 [info] > git check-ignore -v -z --stdin [4ms]
2024-04-04 17:44:23.175 [info] > git show --textconv :resources/js/bootstrap.js [5ms]
2024-04-04 17:44:23.176 [info] > git ls-files --stage -- /opt/lampp/htdocs/edueem/resources/js/bootstrap.js [1ms]
2024-04-04 17:44:23.183 [info] > git cat-file -s 846d35058563955bf73adecb9d1f0d19896f00fe [2ms]
2024-04-04 17:44:24.202 [info] > git config --get commit.template [5ms]
2024-04-04 17:44:24.203 [info] > git for-each-ref --format=%(refname)%00%(upstream:short)%00%(objectname)%00%(upstream:track)%00%(upstream:remotename)%00%(upstream:remoteref) refs/heads/main refs/remotes/main [1ms]
2024-04-04 17:44:24.218 [info] > git status -z -uall [11ms]
2024-04-04 17:44:28.896 [info] > git show --textconv :resources/js/app.js [11ms]
2024-04-04 17:44:28.898 [info] > git ls-files --stage -- /opt/lampp/htdocs/edueem/resources/js/app.js [2ms]
2024-04-04 17:44:28.906 [info] > git cat-file -s e59d6a0adf70fff0492083b03ad0baa283434008 [2ms]
2024-04-04 17:44:29.239 [info] > git config --get commit.template [6ms]
2024-04-04 17:44:29.239 [info] > git for-each-ref --format=%(refname)%00%(upstream:short)%00%(objectname)%00%(upstream:track)%00%(upstream:remotename)%00%(upstream:remoteref) refs/heads/main refs/remotes/main [1ms]
2024-04-04 17:44:29.257 [info] > git status -z -uall [12ms]
2024-04-04 17:44:34.298 [info] > git config --get commit.template [25ms]
2024-04-04 17:44:34.303 [info] > git for-each-ref --format=%(refname)%00%(upstream:short)%00%(objectname)%00%(upstream:track)%00%(upstream:remotename)%00%(upstream:remoteref) refs/heads/main refs/remotes/main [1ms]
2024-04-04 17:44:34.317 [info] > git status -z -uall [10ms]
2024-04-04 17:44:39.342 [info] > git config --get commit.template [9ms]
2024-04-04 17:44:39.343 [info] > git for-each-ref --format=%(refname)%00%(upstream:short)%00%(objectname)%00%(upstream:track)%00%(upstream:remotename)%00%(upstream:remoteref) refs/heads/main refs/remotes/main [2ms]
2024-04-04 17:44:39.365 [info] > git status -z -uall [14ms]
2024-04-04 17:44:44.394 [info] > git config --get commit.template [10ms]
2024-04-04 17:44:44.396 [info] > git for-each-ref --format=%(refname)%00%(upstream:short)%00%(objectname)%00%(upstream:track)%00%(upstream:remotename)%00%(upstream:remoteref) refs/heads/main refs/remotes/main [3ms]
2024-04-04 17:44:44.417 [info] > git status -z -uall [13ms]
2024-04-04 17:44:45.067 [info] > git show --textconv :resources/js/bootstrap.js [5ms]
2024-04-04 17:44:45.067 [info] > git ls-files --stage -- /opt/lampp/htdocs/edueem/resources/js/bootstrap.js [1ms]
2024-04-04 17:44:45.072 [info] > git cat-file -s 846d35058563955bf73adecb9d1f0d19896f00fe [1ms]
2024-04-04 17:44:46.433 [info] > git show --textconv :resources/js/app.js [9ms]
2024-04-04 17:44:46.435 [info] > git ls-files --stage -- /opt/lampp/htdocs/edueem/resources/js/app.js [3ms]
2024-04-04 17:44:46.444 [info] > git cat-file -s e59d6a0adf70fff0492083b03ad0baa283434008 [1ms]
2024-04-04 17:44:49.438 [info] > git config --get commit.template [7ms]
2024-04-04 17:44:49.440 [info] > git for-each-ref --format=%(refname)%00%(upstream:short)%00%(objectname)%00%(upstream:track)%00%(upstream:remotename)%00%(upstream:remoteref) refs/heads/main refs/remotes/main [3ms]
2024-04-04 17:44:49.461 [info] > git status -z -uall [14ms]
2024-04-04 17:44:50.872 [info] > git show --textconv :resources/views/home.blade.php [9ms]
2024-04-04 17:44:50.874 [info] > git ls-files --stage -- /opt/lampp/htdocs/edueem/resources/views/home.blade.php [3ms]
2024-04-04 17:44:52.527 [info] > git show --textconv :resources/views/welcome.blade.php [5ms]
2024-04-04 17:44:52.529 [info] > git ls-files --stage -- /opt/lampp/htdocs/edueem/resources/views/welcome.blade.php [1ms]
2024-04-04 17:44:52.534 [info] > git cat-file -s 33533508ada72fb362d955b54ca7f3886607d156 [1ms]
2024-04-04 17:44:54.488 [info] > git config --get commit.template [10ms]
2024-04-04 17:44:54.488 [info] > git for-each-ref --format=%(refname)%00%(upstream:short)%00%(objectname)%00%(upstream:track)%00%(upstream:remotename)%00%(upstream:remoteref) refs/heads/main refs/remotes/main [2ms]
2024-04-04 17:44:54.507 [info] > git status -z -uall [11ms]
2024-04-04 17:44:59.528 [info] > git config --get commit.template [8ms]
2024-04-04 17:44:59.529 [info] > git for-each-ref --format=%(refname)%00%(upstream:short)%00%(objectname)%00%(upstream:track)%00%(upstream:remotename)%00%(upstream:remoteref) refs/heads/main refs/remotes/main [2ms]
2024-04-04 17:44:59.548 [info] > git status -z -uall [10ms]
2024-04-04 17:45:04.567 [info] > git config --get commit.template [5ms]
2024-04-04 17:45:04.567 [info] > git for-each-ref --format=%(refname)%00%(upstream:short)%00%(objectname)%00%(upstream:track)%00%(upstream:remotename)%00%(upstream:remoteref) refs/heads/main refs/remotes/main [1ms]
2024-04-04 17:45:04.581 [info] > git status -z -uall [10ms]
2024-04-04 17:45:06.553 [info] > git show --textconv :resources/views/home.blade.php [10ms]
2024-04-04 17:45:06.555 [info] > git ls-files --stage -- /opt/lampp/htdocs/edueem/resources/views/home.blade.php [3ms]
2024-04-04 17:45:09.604 [info] > git config --get commit.template [7ms]
2024-04-04 17:45:09.605 [info] > git for-each-ref --format=%(refname)%00%(upstream:short)%00%(objectname)%00%(upstream:track)%00%(upstream:remotename)%00%(upstream:remoteref) refs/heads/main refs/remotes/main [1ms]
2024-04-04 17:45:09.622 [info] > git status -z -uall [11ms]
2024-04-04 17:45:10.560 [info] > git check-ignore -v -z --stdin [2ms]
2024-04-04 17:45:11.077 [info] > git check-ignore -v -z --stdin [2ms]
2024-04-04 17:45:12.871 [info] > git show --textconv :routes/api.php [9ms]
2024-04-04 17:45:12.873 [info] > git ls-files --stage -- /opt/lampp/htdocs/edueem/routes/api.php [2ms]
2024-04-04 17:45:12.879 [info] > git cat-file -s 1f9a6efe65605674e7083fb98b1f4e7120a30e91 [2ms]
2024-04-04 17:45:13.436 [info] > git show --textconv :routes/console.php [7ms]
2024-04-04 17:45:13.437 [info] > git ls-files --stage -- /opt/lampp/htdocs/edueem/routes/console.php [2ms]
2024-04-04 17:45:13.443 [info] > git cat-file -s e05f4c9a1b27a35c20ac897b44dfb7a9238ff9b7 [2ms]
2024-04-04 17:45:14.219 [info] > git show --textconv :routes/web.php [7ms]
2024-04-04 17:45:14.220 [info] > git ls-files --stage -- /opt/lampp/htdocs/edueem/routes/web.php [2ms]
2024-04-04 17:45:14.227 [info] > git cat-file -s 26cee5df9aaabda2d55a6764322d95736e0324e5 [2ms]
2024-04-04 17:45:14.643 [info] > git config --get commit.template [2ms]
2024-04-04 17:45:14.650 [info] > git for-each-ref --format=%(refname)%00%(upstream:short)%00%(objectname)%00%(upstream:track)%00%(upstream:remotename)%00%(upstream:remoteref) refs/heads/main refs/remotes/main [1ms]
2024-04-04 17:45:14.669 [info] > git status -z -uall [13ms]
2024-04-04 17:45:14.876 [info] > git show --textconv :routes/console.php [10ms]
2024-04-04 17:45:14.878 [info] > git ls-files --stage -- /opt/lampp/htdocs/edueem/routes/console.php [3ms]
2024-04-04 17:45:14.885 [info] > git cat-file -s e05f4c9a1b27a35c20ac897b44dfb7a9238ff9b7 [1ms]
2024-04-04 17:45:15.468 [info] > git show --textconv :routes/channels.php [10ms]
2024-04-04 17:45:15.471 [info] > git ls-files --stage -- /opt/lampp/htdocs/edueem/routes/channels.php [3ms]
2024-04-04 17:45:15.480 [info] > git cat-file -s 5d451e1fae88c81c097aa55de6ff039a3cc0a1c3 [1ms]
2024-04-04 17:45:16.004 [info] > git show --textconv :routes/api.php [10ms]
2024-04-04 17:45:16.007 [info] > git ls-files --stage -- /opt/lampp/htdocs/edueem/routes/api.php [4ms]
2024-04-04 17:45:16.015 [info] > git cat-file -s 1f9a6efe65605674e7083fb98b1f4e7120a30e91 [2ms]
2024-04-04 17:45:18.410 [info] > git show --textconv :resources/views/auth/login.blade.php [10ms]
2024-04-04 17:45:18.412 [info] > git ls-files --stage -- /opt/lampp/htdocs/edueem/resources/views/auth/login.blade.php [3ms]
2024-04-04 17:45:19.251 [info] > git show --textconv :resources/views/auth/register.blade.php [10ms]
2024-04-04 17:45:19.253 [info] > git ls-files --stage -- /opt/lampp/htdocs/edueem/resources/views/auth/register.blade.php [2ms]
2024-04-04 17:45:19.693 [info] > git config --get commit.template [9ms]
2024-04-04 17:45:19.694 [info] > git for-each-ref --format=%(refname)%00%(upstream:short)%00%(objectname)%00%(upstream:track)%00%(upstream:remotename)%00%(upstream:remoteref) refs/heads/main refs/remotes/main [2ms]
2024-04-04 17:45:19.717 [info] > git status -z -uall [14ms]
2024-04-04 17:45:20.461 [info] > git show --textconv :resources/views/auth/verify.blade.php [10ms]
2024-04-04 17:45:20.463 [info] > git ls-files --stage -- /opt/lampp/htdocs/edueem/resources/views/auth/verify.blade.php [3ms]
2024-04-04 17:45:24.745 [info] > git config --get commit.template [9ms]
2024-04-04 17:45:24.746 [info] > git for-each-ref --format=%(refname)%00%(upstream:short)%00%(objectname)%00%(upstream:track)%00%(upstream:remotename)%00%(upstream:remoteref) refs/heads/main refs/remotes/main [3ms]
2024-04-04 17:45:24.771 [info] > git status -z -uall [16ms]
2024-04-04 17:45:26.315 [info] > git show --textconv :resources/views/auth/login.blade.php [9ms]
2024-04-04 17:45:26.317 [info] > git ls-files --stage -- /opt/lampp/htdocs/edueem/resources/views/auth/login.blade.php [3ms]
2024-04-04 17:45:26.798 [info] > git show --textconv :resources/views/auth/register.blade.php [11ms]
2024-04-04 17:45:26.800 [info] > git ls-files --stage -- /opt/lampp/htdocs/edueem/resources/views/auth/register.blade.php [3ms]
2024-04-04 17:45:27.592 [info] > git show --textconv :resources/views/layouts/app.blade.php [11ms]
2024-04-04 17:45:27.594 [info] > git ls-files --stage -- /opt/lampp/htdocs/edueem/resources/views/layouts/app.blade.php [3ms]
2024-04-04 17:45:29.796 [info] > git config --get commit.template [6ms]
2024-04-04 17:45:29.797 [info] > git for-each-ref --format=%(refname)%00%(upstream:short)%00%(objectname)%00%(upstream:track)%00%(upstream:remotename)%00%(upstream:remoteref) refs/heads/main refs/remotes/main [2ms]
2024-04-04 17:45:29.820 [info] > git status -z -uall [17ms]
2024-04-04 17:45:34.849 [info] > git config --get commit.template [10ms]
2024-04-04 17:45:34.851 [info] > git for-each-ref --format=%(refname)%00%(upstream:short)%00%(objectname)%00%(upstream:track)%00%(upstream:remotename)%00%(upstream:remoteref) refs/heads/main refs/remotes/main [3ms]
2024-04-04 17:45:34.869 [info] > git status -z -uall [11ms]
2024-04-04 17:45:39.893 [info] > git config --get commit.template [8ms]
2024-04-04 17:45:39.893 [info] > git for-each-ref --format=%(refname)%00%(upstream:short)%00%(objectname)%00%(upstream:track)%00%(upstream:remotename)%00%(upstream:remoteref) refs/heads/main refs/remotes/main [1ms]
2024-04-04 17:45:39.915 [info] > git status -z -uall [14ms]
2024-04-04 17:45:44.944 [info] > git config --get commit.template [7ms]
2024-04-04 17:45:44.946 [info] > git for-each-ref --format=%(refname)%00%(upstream:short)%00%(objectname)%00%(upstream:track)%00%(upstream:remotename)%00%(upstream:remoteref) refs/heads/main refs/remotes/main [3ms]
2024-04-04 17:45:44.971 [info] > git status -z -uall [17ms]
2024-04-04 17:45:47.250 [info] > git show --textconv :resources/views/home.blade.php [10ms]
2024-04-04 17:45:47.251 [info] > git ls-files --stage -- /opt/lampp/htdocs/edueem/resources/views/home.blade.php [3ms]
2024-04-04 17:45:48.169 [info] > git show --textconv :resources/views/layouts/app.blade.php [6ms]
2024-04-04 17:45:48.203 [info] > git ls-files --stage -- /opt/lampp/htdocs/edueem/resources/views/layouts/app.blade.php [35ms]
2024-04-04 17:45:49.996 [info] > git config --get commit.template [8ms]
2024-04-04 17:45:49.997 [info] > git for-each-ref --format=%(refname)%00%(upstream:short)%00%(objectname)%00%(upstream:track)%00%(upstream:remotename)%00%(upstream:remoteref) refs/heads/main refs/remotes/main [2ms]
2024-04-04 17:45:50.028 [info] > git status -z -uall [22ms]
2024-04-04 17:45:52.203 [info] > git show --textconv :resources/views/welcome.blade.php [4ms]
2024-04-04 17:45:52.203 [info] > git ls-files --stage -- /opt/lampp/htdocs/edueem/resources/views/welcome.blade.php [1ms]
2024-04-04 17:45:52.209 [info] > git cat-file -s 33533508ada72fb362d955b54ca7f3886607d156 [1ms]
2024-04-04 17:45:55.056 [info] > git config --get commit.template [10ms]
2024-04-04 17:45:55.057 [info] > git for-each-ref --format=%(refname)%00%(upstream:short)%00%(objectname)%00%(upstream:track)%00%(upstream:remotename)%00%(upstream:remoteref) refs/heads/main refs/remotes/main [2ms]
2024-04-04 17:45:55.081 [info] > git status -z -uall [15ms]
2024-04-04 17:46:00.101 [info] > git config --get commit.template [2ms]
2024-04-04 17:46:00.113 [info] > git for-each-ref --format=%(refname)%00%(upstream:short)%00%(objectname)%00%(upstream:track)%00%(upstream:remotename)%00%(upstream:remoteref) refs/heads/main refs/remotes/main [2ms]
2024-04-04 17:46:00.134 [info] > git status -z -uall [13ms]
2024-04-04 17:46:10.136 [info] > git config --get commit.template [7ms]
2024-04-04 17:46:10.137 [info] > git for-each-ref --format=%(refname)%00%(upstream:short)%00%(objectname)%00%(upstream:track)%00%(upstream:remotename)%00%(upstream:remoteref) refs/heads/main refs/remotes/main [2ms]
2024-04-04 17:46:10.151 [info] > git status -z -uall [10ms]
2024-04-04 17:46:15.182 [info] > git config --get commit.template [8ms]
2024-04-04 17:46:15.183 [info] > git for-each-ref --format=%(refname)%00%(upstream:short)%00%(objectname)%00%(upstream:track)%00%(upstream:remotename)%00%(upstream:remoteref) refs/heads/main refs/remotes/main [3ms]
2024-04-04 17:46:15.206 [info] > git status -z -uall [13ms]
2024-04-04 17:46:20.232 [info] > git config --get commit.template [9ms]
2024-04-04 17:46:20.233 [info] > git for-each-ref --format=%(refname)%00%(upstream:short)%00%(objectname)%00%(upstream:track)%00%(upstream:remotename)%00%(upstream:remoteref) refs/heads/main refs/remotes/main [2ms]
2024-04-04 17:46:20.261 [info] > git status -z -uall [20ms]
2024-04-04 17:46:21.279 [info] > git ls-files --stage -- /opt/lampp/htdocs/edueem/resources/views/welcome.blade.php [3ms]
2024-04-04 17:46:21.286 [info] > git cat-file -s 33533508ada72fb362d955b54ca7f3886607d156 [2ms]
2024-04-04 17:46:21.299 [info] > git show --textconv :resources/views/welcome.blade.php [4ms]
2024-04-04 17:46:25.293 [info] > git config --get commit.template [10ms]
2024-04-04 17:46:25.295 [info] > git for-each-ref --format=%(refname)%00%(upstream:short)%00%(objectname)%00%(upstream:track)%00%(upstream:remotename)%00%(upstream:remoteref) refs/heads/main refs/remotes/main [2ms]
2024-04-04 17:46:25.323 [info] > git status -z -uall [20ms]
2024-04-04 17:46:30.354 [info] > git config --get commit.template [8ms]
2024-04-04 17:46:30.356 [info] > git for-each-ref --format=%(refname)%00%(upstream:short)%00%(objectname)%00%(upstream:track)%00%(upstream:remotename)%00%(upstream:remoteref) refs/heads/main refs/remotes/main [3ms]
2024-04-04 17:46:30.376 [info] > git status -z -uall [11ms]
2024-04-04 17:46:35.394 [info] > git config --get commit.template [7ms]
2024-04-04 17:46:35.396 [info] > git for-each-ref --format=%(refname)%00%(upstream:short)%00%(objectname)%00%(upstream:track)%00%(upstream:remotename)%00%(upstream:remoteref) refs/heads/main refs/remotes/main [2ms]
2024-04-04 17:46:35.416 [info] > git status -z -uall [14ms]
2024-04-04 17:46:40.234 [info] > git ls-files --stage -- /opt/lampp/htdocs/edueem/resources/views/welcome.blade.php [2ms]
2024-04-04 17:46:40.245 [info] > git cat-file -s 33533508ada72fb362d955b54ca7f3886607d156 [2ms]
2024-04-04 17:46:40.257 [info] > git show --textconv :resources/views/welcome.blade.php [3ms]
2024-04-04 17:46:40.442 [info] > git config --get commit.template [10ms]
2024-04-04 17:46:40.443 [info] > git for-each-ref --format=%(refname)%00%(upstream:short)%00%(objectname)%00%(upstream:track)%00%(upstream:remotename)%00%(upstream:remoteref) refs/heads/main refs/remotes/main [2ms]
2024-04-04 17:46:40.471 [info] > git status -z -uall [19ms]
2024-04-04 17:46:45.495 [info] > git config --get commit.template [9ms]
2024-04-04 17:46:45.496 [info] > git for-each-ref --format=%(refname)%00%(upstream:short)%00%(objectname)%00%(upstream:track)%00%(upstream:remotename)%00%(upstream:remoteref) refs/heads/main refs/remotes/main [1ms]
2024-04-04 17:46:45.521 [info] > git status -z -uall [19ms]
2024-04-04 17:46:50.552 [info] > git config --get commit.template [10ms]
2024-04-04 17:46:50.553 [info] > git for-each-ref --format=%(refname)%00%(upstream:short)%00%(objectname)%00%(upstream:track)%00%(upstream:remotename)%00%(upstream:remoteref) refs/heads/main refs/remotes/main [3ms]
2024-04-04 17:46:50.575 [info] > git status -z -uall [15ms]
2024-04-04 17:46:55.602 [info] > git config --get commit.template [10ms]
2024-04-04 17:46:55.603 [info] > git for-each-ref --format=%(refname)%00%(upstream:short)%00%(objectname)%00%(upstream:track)%00%(upstream:remotename)%00%(upstream:remoteref) refs/heads/main refs/remotes/main [2ms]
2024-04-04 17:46:55.631 [info] > git status -z -uall [19ms]
2024-04-04 17:47:00.651 [info] > git config --get commit.template [2ms]
2024-04-04 17:47:00.662 [info] > git for-each-ref --format=%(refname)%00%(upstream:short)%00%(objectname)%00%(upstream:track)%00%(upstream:remotename)%00%(upstream:remoteref) refs/heads/main refs/remotes/main [2ms]
2024-04-04 17:47:00.686 [info] > git status -z -uall [15ms]
2024-04-04 17:47:00.941 [info] > git ls-files --stage -- /opt/lampp/htdocs/edueem/resources/views/welcome.blade.php [2ms]
2024-04-04 17:47:00.949 [info] > git cat-file -s 33533508ada72fb362d955b54ca7f3886607d156 [2ms]
2024-04-04 17:47:00.964 [info] > git show --textconv :resources/views/welcome.blade.php [5ms]
2024-04-04 17:47:05.713 [info] > git config --get commit.template [6ms]
2024-04-04 17:47:05.714 [info] > git for-each-ref --format=%(refname)%00%(upstream:short)%00%(objectname)%00%(upstream:track)%00%(upstream:remotename)%00%(upstream:remoteref) refs/heads/main refs/remotes/main [3ms]
2024-04-04 17:47:05.738 [info] > git status -z -uall [18ms]
2024-04-04 17:47:12.403 [info] > git config --get commit.template [4ms]
2024-04-04 17:47:12.411 [info] > git for-each-ref --format=%(refname)%00%(upstream:short)%00%(objectname)%00%(upstream:track)%00%(upstream:remotename)%00%(upstream:remoteref) refs/heads/main refs/remotes/main [1ms]
2024-04-04 17:47:12.431 [info] > git status -z -uall [15ms]
2024-04-04 17:47:17.462 [info] > git config --get commit.template [10ms]
2024-04-04 17:47:17.463 [info] > git for-each-ref --format=%(refname)%00%(upstream:short)%00%(objectname)%00%(upstream:track)%00%(upstream:remotename)%00%(upstream:remoteref) refs/heads/main refs/remotes/main [2ms]
2024-04-04 17:47:17.489 [info] > git status -z -uall [17ms]
2024-04-04 17:47:28.162 [info] > git config --get commit.template [11ms]
2024-04-04 17:47:28.163 [info] > git for-each-ref --format=%(refname)%00%(upstream:short)%00%(objectname)%00%(upstream:track)%00%(upstream:remotename)%00%(upstream:remoteref) refs/heads/main refs/remotes/main [2ms]
2024-04-04 17:47:28.190 [info] > git status -z -uall [17ms]
2024-04-04 17:47:33.215 [info] > git config --get commit.template [9ms]
2024-04-04 17:47:33.216 [info] > git for-each-ref --format=%(refname)%00%(upstream:short)%00%(objectname)%00%(upstream:track)%00%(upstream:remotename)%00%(upstream:remoteref) refs/heads/main refs/remotes/main [3ms]
2024-04-04 17:47:33.239 [info] > git status -z -uall [15ms]
2024-04-04 17:47:38.264 [info] > git config --get commit.template [10ms]
2024-04-04 17:47:38.266 [info] > git for-each-ref --format=%(refname)%00%(upstream:short)%00%(objectname)%00%(upstream:track)%00%(upstream:remotename)%00%(upstream:remoteref) refs/heads/main refs/remotes/main [3ms]
2024-04-04 17:47:38.290 [info] > git status -z -uall [15ms]
2024-04-04 17:47:43.316 [info] > git config --get commit.template [9ms]
2024-04-04 17:47:43.318 [info] > git for-each-ref --format=%(refname)%00%(upstream:short)%00%(objectname)%00%(upstream:track)%00%(upstream:remotename)%00%(upstream:remoteref) refs/heads/main refs/remotes/main [3ms]
2024-04-04 17:47:43.339 [info] > git status -z -uall [14ms]
2024-04-04 17:47:48.361 [info] > git config --get commit.template [6ms]
2024-04-04 17:47:48.362 [info] > git for-each-ref --format=%(refname)%00%(upstream:short)%00%(objectname)%00%(upstream:track)%00%(upstream:remotename)%00%(upstream:remoteref) refs/heads/main refs/remotes/main [2ms]
2024-04-04 17:47:48.385 [info] > git status -z -uall [14ms]
2024-04-04 17:47:53.414 [info] > git config --get commit.template [11ms]
2024-04-04 17:47:53.415 [info] > git for-each-ref --format=%(refname)%00%(upstream:short)%00%(objectname)%00%(upstream:track)%00%(upstream:remotename)%00%(upstream:remoteref) refs/heads/main refs/remotes/main [3ms]
2024-04-04 17:47:53.436 [info] > git status -z -uall [13ms]
2024-04-04 17:47:58.455 [info] > git config --get commit.template [5ms]
2024-04-04 17:47:58.456 [info] > git for-each-ref --format=%(refname)%00%(upstream:short)%00%(objectname)%00%(upstream:track)%00%(upstream:remotename)%00%(upstream:remoteref) refs/heads/main refs/remotes/main [1ms]
2024-04-04 17:47:58.482 [info] > git status -z -uall [19ms]
2024-04-04 17:48:03.505 [info] > git config --get commit.template [6ms]
2024-04-04 17:48:03.506 [info] > git for-each-ref --format=%(refname)%00%(upstream:short)%00%(objectname)%00%(upstream:track)%00%(upstream:remotename)%00%(upstream:remoteref) refs/heads/main refs/remotes/main [2ms]
2024-04-04 17:48:03.530 [info] > git status -z -uall [17ms]
2024-04-04 17:48:08.558 [info] > git config --get commit.template [10ms]
2024-04-04 17:48:08.559 [info] > git for-each-ref --format=%(refname)%00%(upstream:short)%00%(objectname)%00%(upstream:track)%00%(upstream:remotename)%00%(upstream:remoteref) refs/heads/main refs/remotes/main [2ms]
2024-04-04 17:48:08.589 [info] > git status -z -uall [20ms]
2024-04-04 17:48:13.621 [info] > git config --get commit.template [11ms]
2024-04-04 17:48:13.622 [info] > git for-each-ref --format=%(refname)%00%(upstream:short)%00%(objectname)%00%(upstream:track)%00%(upstream:remotename)%00%(upstream:remoteref) refs/heads/main refs/remotes/main [3ms]
2024-04-04 17:48:13.649 [info] > git status -z -uall [19ms]
2024-04-04 17:48:18.676 [info] > git config --get commit.template [10ms]
2024-04-04 17:48:18.678 [info] > git for-each-ref --format=%(refname)%00%(upstream:short)%00%(objectname)%00%(upstream:track)%00%(upstream:remotename)%00%(upstream:remoteref) refs/heads/main refs/remotes/main [3ms]
2024-04-04 17:48:18.703 [info] > git status -z -uall [17ms]
2024-04-04 17:48:23.729 [info] > git config --get commit.template [9ms]
2024-04-04 17:48:23.730 [info] > git for-each-ref --format=%(refname)%00%(upstream:short)%00%(objectname)%00%(upstream:track)%00%(upstream:remotename)%00%(upstream:remoteref) refs/heads/main refs/remotes/main [2ms]
2024-04-04 17:48:23.759 [info] > git status -z -uall [20ms]
2024-04-04 17:48:28.775 [info] > git config --get commit.template [5ms]
2024-04-04 17:48:28.777 [info] > git for-each-ref --format=%(refname)%00%(upstream:short)%00%(objectname)%00%(upstream:track)%00%(upstream:remotename)%00%(upstream:remoteref) refs/heads/main refs/remotes/main [1ms]
2024-04-04 17:48:28.799 [info] > git status -z -uall [15ms]
2024-04-04 17:48:33.829 [info] > git config --get commit.template [10ms]
2024-04-04 17:48:33.831 [info] > git for-each-ref --format=%(refname)%00%(upstream:short)%00%(objectname)%00%(upstream:track)%00%(upstream:remotename)%00%(upstream:remoteref) refs/heads/main refs/remotes/main [2ms]
2024-04-04 17:48:33.853 [info] > git status -z -uall [14ms]
2024-04-04 17:48:37.242 [info] > git merge-base refs/heads/main refs/remotes/origin/main [1ms]
2024-04-04 17:48:37.251 [info] > git rev-list --count --left-right refs/heads/main...refs/remotes/origin/main [3ms]
2024-04-04 17:48:37.867 [info] > git check-ignore -v -z --stdin [5ms]
2024-04-04 17:48:38.880 [info] > git config --get commit.template [10ms]
2024-04-04 17:48:38.881 [info] > git for-each-ref --format=%(refname)%00%(upstream:short)%00%(objectname)%00%(upstream:track)%00%(upstream:remotename)%00%(upstream:remoteref) refs/heads/main refs/remotes/main [2ms]
2024-04-04 17:48:38.905 [info] > git status -z -uall [15ms]
2024-04-04 17:48:40.272 [info] > git check-ignore -v -z --stdin [3ms]
2024-04-04 17:48:43.933 [info] > git config --get commit.template [12ms]
2024-04-04 17:48:43.935 [info] > git for-each-ref --format=%(refname)%00%(upstream:short)%00%(objectname)%00%(upstream:track)%00%(upstream:remotename)%00%(upstream:remoteref) refs/heads/main refs/remotes/main [3ms]
2024-04-04 17:48:43.955 [info] > git status -z -uall [14ms]
2024-04-04 17:48:46.935 [info] > git check-ignore -v -z --stdin [3ms]
2024-04-04 17:48:48.973 [info] > git config --get commit.template [6ms]
2024-04-04 17:48:48.974 [info] > git for-each-ref --format=%(refname)%00%(upstream:short)%00%(objectname)%00%(upstream:track)%00%(upstream:remotename)%00%(upstream:remoteref) refs/heads/main refs/remotes/main [2ms]
2024-04-04 17:48:48.991 [info] > git status -z -uall [13ms]
2024-04-04 17:48:50.978 [info] > git check-ignore -v -z --stdin [30ms]
2024-04-04 17:48:54.016 [info] > git config --get commit.template [7ms]
2024-04-04 17:48:54.017 [info] > git for-each-ref --format=%(refname)%00%(upstream:short)%00%(objectname)%00%(upstream:track)%00%(upstream:remotename)%00%(upstream:remoteref) refs/heads/main refs/remotes/main [1ms]
2024-04-04 17:48:54.033 [info] > git status -z -uall [10ms]
2024-04-04 17:48:59.059 [info] > git config --get commit.template [8ms]
2024-04-04 17:48:59.060 [info] > git for-each-ref --format=%(refname)%00%(upstream:short)%00%(objectname)%00%(upstream:track)%00%(upstream:remotename)%00%(upstream:remoteref) refs/heads/main refs/remotes/main [2ms]
2024-04-04 17:48:59.083 [info] > git status -z -uall [15ms]
2024-04-04 17:49:04.112 [info] > git config --get commit.template [10ms]
2024-04-04 17:49:04.114 [info] > git for-each-ref --format=%(refname)%00%(upstream:short)%00%(objectname)%00%(upstream:track)%00%(upstream:remotename)%00%(upstream:remoteref) refs/heads/main refs/remotes/main [3ms]
2024-04-04 17:49:04.133 [info] > git status -z -uall [12ms]
2024-04-04 17:49:09.163 [info] > git config --get commit.template [10ms]
2024-04-04 17:49:09.164 [info] > git for-each-ref --format=%(refname)%00%(upstream:short)%00%(objectname)%00%(upstream:track)%00%(upstream:remotename)%00%(upstream:remoteref) refs/heads/main refs/remotes/main [2ms]
2024-04-04 17:49:09.185 [info] > git status -z -uall [13ms]
2024-04-04 17:49:14.208 [info] > git config --get commit.template [8ms]
2024-04-04 17:49:14.209 [info] > git for-each-ref --format=%(refname)%00%(upstream:short)%00%(objectname)%00%(upstream:track)%00%(upstream:remotename)%00%(upstream:remoteref) refs/heads/main refs/remotes/main [2ms]
2024-04-04 17:49:14.232 [info] > git status -z -uall [16ms]
2024-04-04 17:49:19.265 [info] > git config --get commit.template [13ms]
2024-04-04 17:49:19.265 [info] > git for-each-ref --format=%(refname)%00%(upstream:short)%00%(objectname)%00%(upstream:track)%00%(upstream:remotename)%00%(upstream:remoteref) refs/heads/main refs/remotes/main [2ms]
2024-04-04 17:49:19.285 [info] > git status -z -uall [13ms]
2024-04-04 17:49:24.310 [info] > git config --get commit.template [8ms]
2024-04-04 17:49:24.311 [info] > git for-each-ref --format=%(refname)%00%(upstream:short)%00%(objectname)%00%(upstream:track)%00%(upstream:remotename)%00%(upstream:remoteref) refs/heads/main refs/remotes/main [2ms]
2024-04-04 17:49:24.328 [info] > git status -z -uall [11ms]
2024-04-04 17:49:29.355 [info] > git config --get commit.template [11ms]
2024-04-04 17:49:29.357 [info] > git for-each-ref --format=%(refname)%00%(upstream:short)%00%(objectname)%00%(upstream:track)%00%(upstream:remotename)%00%(upstream:remoteref) refs/heads/main refs/remotes/main [3ms]
2024-04-04 17:49:29.377 [info] > git status -z -uall [13ms]
2024-04-04 17:49:34.406 [info] > git config --get commit.template [11ms]
2024-04-04 17:49:34.406 [info] > git for-each-ref --format=%(refname)%00%(upstream:short)%00%(objectname)%00%(upstream:track)%00%(upstream:remotename)%00%(upstream:remoteref) refs/heads/main refs/remotes/main [3ms]
2024-04-04 17:49:34.433 [info] > git status -z -uall [18ms]
2024-04-04 17:49:37.775 [info] > git -c user.useConfigOnly=true commit --quiet [6ms]
2024-04-04 17:49:37.775 [info] Author identity unknown

*** Please tell me who you are.

Run

  git config --global user.email "you@example.com"
  git config --global user.name "Your Name"

to set your account's default identity.
Omit --global to set the identity only in this repository.

fatal: no email was given and auto-detection is disabled
2024-04-04 17:49:37.781 [info] > git config --get-all user.name [1ms]
2024-04-04 17:49:37.790 [info] > git config --get commit.template [5ms]
2024-04-04 17:49:37.790 [info] > git for-each-ref --format=%(refname)%00%(upstream:short)%00%(objectname)%00%(upstream:track)%00%(upstream:remotename)%00%(upstream:remoteref) refs/heads/main refs/remotes/main [1ms]
2024-04-04 17:49:37.807 [info] > git status -z -uall [12ms]
2024-04-04 17:49:42.991 [info] > git config --get commit.template [5ms]
2024-04-04 17:49:42.992 [info] > git for-each-ref --format=%(refname)%00%(upstream:short)%00%(objectname)%00%(upstream:track)%00%(upstream:remotename)%00%(upstream:remoteref) refs/heads/main refs/remotes/main [1ms]
2024-04-04 17:49:43.007 [info] > git status -z -uall [11ms]
2024-04-04 17:49:48.034 [info] > git config --get commit.template [10ms]
2024-04-04 17:49:48.035 [info] > git for-each-ref --format=%(refname)%00%(upstream:short)%00%(objectname)%00%(upstream:track)%00%(upstream:remotename)%00%(upstream:remoteref) refs/heads/main refs/remotes/main [3ms]
2024-04-04 17:49:48.054 [info] > git status -z -uall [13ms]
2024-04-04 17:49:50.292 [info] > git -c user.useConfigOnly=true commit --quiet [5ms]
2024-04-04 17:49:50.292 [info] Author identity unknown

*** Please tell me who you are.

Run

  git config --global user.email "you@example.com"
  git config --global user.name "Your Name"

to set your account's default identity.
Omit --global to set the identity only in this repository.

fatal: no email was given and auto-detection is disabled
2024-04-04 17:49:50.297 [info] > git config --get-all user.name [1ms]
2024-04-04 17:49:50.307 [info] > git config --get commit.template [4ms]
2024-04-04 17:49:50.307 [info] > git for-each-ref --format=%(refname)%00%(upstream:short)%00%(objectname)%00%(upstream:track)%00%(upstream:remotename)%00%(upstream:remoteref) refs/heads/main refs/remotes/main [1ms]
2024-04-04 17:49:50.323 [info] > git status -z -uall [11ms]
2024-04-04 17:49:54.678 [info] > git config --get commit.template [6ms]
2024-04-04 17:49:54.678 [info] > git for-each-ref --format=%(refname)%00%(upstream:short)%00%(objectname)%00%(upstream:track)%00%(upstream:remotename)%00%(upstream:remoteref) refs/heads/main refs/remotes/main [1ms]
2024-04-04 17:49:54.696 [info] > git status -z -uall [12ms]
2024-04-04 17:49:59.723 [info] > git config --get commit.template [10ms]
2024-04-04 17:49:59.723 [info] > git for-each-ref --format=%(refname)%00%(upstream:short)%00%(objectname)%00%(upstream:track)%00%(upstream:remotename)%00%(upstream:remoteref) refs/heads/main refs/remotes/main [1ms]
2024-04-04 17:49:59.741 [info] > git status -z -uall [12ms]
2024-04-04 17:50:04.767 [info] > git config --get commit.template [8ms]
2024-04-04 17:50:04.768 [info] > git for-each-ref --format=%(refname)%00%(upstream:short)%00%(objectname)%00%(upstream:track)%00%(upstream:remotename)%00%(upstream:remoteref) refs/heads/main refs/remotes/main [2ms]
2024-04-04 17:50:04.786 [info] > git status -z -uall [11ms]
2024-04-04 17:50:09.813 [info] > git config --get commit.template [10ms]
2024-04-04 17:50:09.815 [info] > git for-each-ref --format=%(refname)%00%(upstream:short)%00%(objectname)%00%(upstream:track)%00%(upstream:remotename)%00%(upstream:remoteref) refs/heads/main refs/remotes/main [3ms]
2024-04-04 17:50:09.838 [info] > git status -z -uall [14ms]
2024-04-04 17:50:14.867 [info] > git config --get commit.template [8ms]
2024-04-04 17:50:14.867 [info] > git for-each-ref --format=%(refname)%00%(upstream:short)%00%(objectname)%00%(upstream:track)%00%(upstream:remotename)%00%(upstream:remoteref) refs/heads/main refs/remotes/main [2ms]
2024-04-04 17:50:14.888 [info] > git status -z -uall [13ms]
2024-04-04 17:50:19.911 [info] > git config --get commit.template [7ms]
2024-04-04 17:50:19.912 [info] > git for-each-ref --format=%(refname)%00%(upstream:short)%00%(objectname)%00%(upstream:track)%00%(upstream:remotename)%00%(upstream:remoteref) refs/heads/main refs/remotes/main [1ms]
2024-04-04 17:50:19.931 [info] > git status -z -uall [12ms]
2024-04-04 17:50:24.950 [info] > git config --get commit.template [3ms]
2024-04-04 17:50:24.962 [info] > git for-each-ref --format=%(refname)%00%(upstream:short)%00%(objectname)%00%(upstream:track)%00%(upstream:remotename)%00%(upstream:remoteref) refs/heads/main refs/remotes/main [2ms]
2024-04-04 17:50:24.986 [info] > git status -z -uall [16ms]
2024-04-04 17:50:30.010 [info] > git config --get commit.template [7ms]
2024-04-04 17:50:30.010 [info] > git for-each-ref --format=%(refname)%00%(upstream:short)%00%(objectname)%00%(upstream:track)%00%(upstream:remotename)%00%(upstream:remoteref) refs/heads/main refs/remotes/main [1ms]
2024-04-04 17:50:30.028 [info] > git status -z -uall [13ms]
2024-04-04 17:50:35.052 [info] > git config --get commit.template [10ms]
2024-04-04 17:50:35.054 [info] > git for-each-ref --format=%(refname)%00%(upstream:short)%00%(objectname)%00%(upstream:track)%00%(upstream:remotename)%00%(upstream:remoteref) refs/heads/main refs/remotes/main [2ms]
2024-04-04 17:50:35.075 [info] > git status -z -uall [14ms]
2024-04-04 17:50:40.105 [info] > git config --get commit.template [7ms]
2024-04-04 17:50:40.106 [info] > git for-each-ref --format=%(refname)%00%(upstream:short)%00%(objectname)%00%(upstream:track)%00%(upstream:remotename)%00%(upstream:remoteref) refs/heads/main refs/remotes/main [2ms]
2024-04-04 17:50:40.124 [info] > git status -z -uall [11ms]
2024-04-04 17:50:45.148 [info] > git config --get commit.template [9ms]
2024-04-04 17:50:45.149 [info] > git for-each-ref --format=%(refname)%00%(upstream:short)%00%(objectname)%00%(upstream:track)%00%(upstream:remotename)%00%(upstream:remoteref) refs/heads/main refs/remotes/main [2ms]
2024-04-04 17:50:45.174 [info] > git status -z -uall [15ms]
2024-04-04 17:50:50.200 [info] > git config --get commit.template [8ms]
2024-04-04 17:50:50.200 [info] > git for-each-ref --format=%(refname)%00%(upstream:short)%00%(objectname)%00%(upstream:track)%00%(upstream:remotename)%00%(upstream:remoteref) refs/heads/main refs/remotes/main [2ms]
2024-04-04 17:50:50.225 [info] > git status -z -uall [19ms]
2024-04-04 17:50:55.252 [info] > git config --get commit.template [8ms]
2024-04-04 17:50:55.253 [info] > git for-each-ref --format=%(refname)%00%(upstream:short)%00%(objectname)%00%(upstream:track)%00%(upstream:remotename)%00%(upstream:remoteref) refs/heads/main refs/remotes/main [2ms]
2024-04-04 17:50:55.280 [info] > git status -z -uall [20ms]
2024-04-04 17:51:00.300 [info] > git config --get commit.template [5ms]
2024-04-04 17:51:00.301 [info] > git for-each-ref --format=%(refname)%00%(upstream:short)%00%(objectname)%00%(upstream:track)%00%(upstream:remotename)%00%(upstream:remoteref) refs/heads/main refs/remotes/main [1ms]
2024-04-04 17:51:00.320 [info] > git status -z -uall [14ms]
2024-04-04 17:51:05.349 [info] > git config --get commit.template [10ms]
2024-04-04 17:51:05.350 [info] > git for-each-ref --format=%(refname)%00%(upstream:short)%00%(objectname)%00%(upstream:track)%00%(upstream:remotename)%00%(upstream:remoteref) refs/heads/main refs/remotes/main [2ms]
2024-04-04 17:51:05.374 [info] > git status -z -uall [18ms]
2024-04-04 17:51:10.397 [info] > git config --get commit.template [8ms]
2024-04-04 17:51:10.399 [info] > git for-each-ref --format=%(refname)%00%(upstream:short)%00%(objectname)%00%(upstream:track)%00%(upstream:remotename)%00%(upstream:remoteref) refs/heads/main refs/remotes/main [2ms]
2024-04-04 17:51:10.426 [info] > git status -z -uall [19ms]
2024-04-04 17:51:15.449 [info] > git config --get commit.template [8ms]
2024-04-04 17:51:15.451 [info] > git for-each-ref --format=%(refname)%00%(upstream:short)%00%(objectname)%00%(upstream:track)%00%(upstream:remotename)%00%(upstream:remoteref) refs/heads/main refs/remotes/main [2ms]
2024-04-04 17:51:15.475 [info] > git status -z -uall [16ms]
2024-04-04 17:51:20.504 [info] > git config --get commit.template [9ms]
2024-04-04 17:51:20.507 [info] > git for-each-ref --format=%(refname)%00%(upstream:short)%00%(objectname)%00%(upstream:track)%00%(upstream:remotename)%00%(upstream:remoteref) refs/heads/main refs/remotes/main [4ms]
2024-04-04 17:51:20.534 [info] > git status -z -uall [19ms]
2024-04-04 17:51:25.564 [info] > git config --get commit.template [11ms]
2024-04-04 17:51:25.566 [info] > git for-each-ref --format=%(refname)%00%(upstream:short)%00%(objectname)%00%(upstream:track)%00%(upstream:remotename)%00%(upstream:remoteref) refs/heads/main refs/remotes/main [4ms]
2024-04-04 17:51:25.592 [info] > git status -z -uall [18ms]
2024-04-04 17:51:30.613 [info] > git config --get commit.template [5ms]
2024-04-04 17:51:30.614 [info] > git for-each-ref --format=%(refname)%00%(upstream:short)%00%(objectname)%00%(upstream:track)%00%(upstream:remotename)%00%(upstream:remoteref) refs/heads/main refs/remotes/main [2ms]
2024-04-04 17:51:30.635 [info] > git status -z -uall [15ms]
2024-04-04 17:51:35.660 [info] > git config --get commit.template [8ms]
2024-04-04 17:51:35.660 [info] > git for-each-ref --format=%(refname)%00%(upstream:short)%00%(objectname)%00%(upstream:track)%00%(upstream:remotename)%00%(upstream:remoteref) refs/heads/main refs/remotes/main [1ms]
2024-04-04 17:51:35.678 [info] > git status -z -uall [12ms]
2024-04-04 17:51:40.703 [info] > git config --get commit.template [10ms]
2024-04-04 17:51:40.705 [info] > git for-each-ref --format=%(refname)%00%(upstream:short)%00%(objectname)%00%(upstream:track)%00%(upstream:remotename)%00%(upstream:remoteref) refs/heads/main refs/remotes/main [3ms]
2024-04-04 17:51:40.723 [info] > git status -z -uall [11ms]
2024-04-04 17:51:40.775 [info] > git merge-base refs/heads/main refs/remotes/origin/main [1ms]
2024-04-04 17:51:40.784 [info] > git rev-list --count --left-right refs/heads/main...refs/remotes/origin/main [3ms]
2024-04-04 17:51:45.738 [info] > git config --get commit.template [5ms]
2024-04-04 17:51:45.739 [info] > git for-each-ref --format=%(refname)%00%(upstream:short)%00%(objectname)%00%(upstream:track)%00%(upstream:remotename)%00%(upstream:remoteref) refs/heads/main refs/remotes/main [1ms]
2024-04-04 17:51:45.755 [info] > git status -z -uall [10ms]
2024-04-04 17:51:50.776 [info] > git config --get commit.template [9ms]
2024-04-04 17:51:50.778 [info] > git for-each-ref --format=%(refname)%00%(upstream:short)%00%(objectname)%00%(upstream:track)%00%(upstream:remotename)%00%(upstream:remoteref) refs/heads/main refs/remotes/main [4ms]
2024-04-04 17:51:50.800 [info] > git status -z -uall [14ms]
2024-04-04 17:52:06.050 [info] > git config --get commit.template [6ms]
2024-04-04 17:52:06.051 [info] > git for-each-ref --format=%(refname)%00%(upstream:short)%00%(objectname)%00%(upstream:track)%00%(upstream:remotename)%00%(upstream:remoteref) refs/heads/main refs/remotes/main [2ms]
2024-04-04 17:52:06.066 [info] > git status -z -uall [10ms]
2024-04-04 17:52:11.749 [info] > git add -A -- . [17ms]
2024-04-04 17:52:11.749 [info] warning: LF will be replaced by CRLF in ~/.vscode-root/logs/20240404T173048/window1/exthost/exthost.log.
The file will have its original line endings in your working directory
warning: LF will be replaced by CRLF in ~/.vscode-root/logs/20240404T173048/window1/exthost/vscode.git/Git.log.
The file will have its original line endings in your working directory
warning: LF will be replaced by CRLF in ~/.vscode-root/logs/20240404T173048/window1/exthost/vscode.github-authentication/GitHub Authentication.log.
The file will have its original line endings in your working directory
2024-04-04 17:52:12.134 [info] > git show --textconv :.git/COMMIT_EDITMSG [9ms]
2024-04-04 17:52:12.136 [info] > git ls-files --stage -- /opt/lampp/htdocs/edueem/.git/COMMIT_EDITMSG [2ms]
2024-04-04 17:52:12.430 [info] > git check-ignore -v -z --stdin [4ms]
2024-04-04 17:52:13.030 [info] > git ls-files --stage -- /opt/lampp/htdocs/edueem/.git/COMMIT_EDITMSG [3ms]
2024-04-04 17:52:13.042 [info] > git show --textconv :.git/COMMIT_EDITMSG [2ms]
2024-04-04 17:55:06.969 [info] > git log --format=%H%n%aN%n%aE%n%at%n%ct%n%P%n%D%n%B -z --shortstat --diff-merges=first-parent --author-date-order 1df7ed4830539ef13bf74c01fc6ea095a65c31e2..b680febdeb168e5885745fc4519998bfbd7e593c [179ms]
2024-04-04 17:55:08.274 [info] > git diff --name-status -z --diff-filter=ADMR 1df7ed4830539ef13bf74c01fc6ea095a65c31e2...b680febdeb168e5885745fc4519998bfbd7e593c [5ms]
2024-04-04 17:55:08.828 [info] > git check-ignore -v -z --stdin [5ms]
2024-04-04 17:55:10.864 [info] > git check-ignore -v -z --stdin [8ms]
2024-04-04 17:55:18.552 [info] > git check-ignore -v -z --stdin [16ms]
2024-04-04 17:55:51.331 [info] > git check-ignore -v -z --stdin [4ms]
2024-04-04 17:55:52.017 [info] > git check-ignore -v -z --stdin [4ms]
2024-04-04 17:55:53.854 [info] > git check-ignore -v -z --stdin [2ms]
2024-04-04 17:55:59.315 [info] > git show --textconv :app/Admin/Controllers/ExamController.php [10ms]
2024-04-04 17:55:59.331 [info] > git ls-files --stage -- /opt/lampp/htdocs/edueem/app/Admin/Controllers/ExamController.php [17ms]
2024-04-04 17:55:59.342 [info] > git cat-file -s 2a780f979fc80348a6edf123522a38ef88ffca86 [3ms]
