2024-04-04 17:30:49.485 [info] Added views:workbench.panel.markers.view in workbench.panel.markers
2024-04-04 17:30:49.485 [info] Added views:workbench.panel.output in workbench.panel.output
2024-04-04 17:30:49.485 [info] Added views:terminal in terminal
2024-04-04 17:30:49.485 [info] Added views:outline in workbench.view.explorer
2024-04-04 17:30:49.485 [info] Added views:workbench.scm in workbench.view.scm
2024-04-04 17:30:49.485 [info] Added views:workbench.view.search in workbench.view.search
2024-04-04 17:30:49.485 [info] Added views:timeline in workbench.view.explorer
2024-04-04 17:30:49.485 [info] Added views:workbench.explorer.emptyView in workbench.view.explorer
2024-04-04 17:30:49.586 [info] Added views:workbench.debug.variablesView,workbench.debug.watchExpressionsView,workbench.debug.callStackView,workbench.debug.breakPointsView in workbench.view.debug
2024-04-04 17:30:50.059 [info] Added views:~remote.forwardedPorts in ~remote.forwardedPortsContainer
2024-04-04 17:30:50.133 [info] Added views:workbench.panel.repl.view in workbench.panel.repl
2024-04-04 17:30:50.134 [info] Removed views:workbench.debug.breakPointsView,workbench.debug.callStackView,workbench.debug.watchExpressionsView,workbench.debug.variablesView from workbench.view.debug
2024-04-04 17:30:50.135 [info] Added views:workbench.debug.welcome in workbench.view.debug
2024-04-04 17:31:21.582 [info] Added views:workbench.panel.markers.view in workbench.panel.markers
2024-04-04 17:31:21.582 [info] Added views:workbench.panel.output in workbench.panel.output
2024-04-04 17:31:21.582 [info] Added views:terminal in terminal
2024-04-04 17:31:21.582 [info] Added views:outline in workbench.view.explorer
2024-04-04 17:31:21.582 [info] Added views:workbench.scm in workbench.view.scm
2024-04-04 17:31:21.582 [info] Added views:workbench.view.search in workbench.view.search
2024-04-04 17:31:21.582 [info] Added views:timeline in workbench.view.explorer
2024-04-04 17:31:21.582 [info] Added views:workbench.explorer.fileView in workbench.view.explorer
2024-04-04 17:31:21.855 [info] Added views:workbench.debug.variablesView,workbench.debug.watchExpressionsView,workbench.debug.callStackView,workbench.debug.breakPointsView in workbench.view.debug
2024-04-04 17:31:21.962 [info] Added views:workbench.panel.repl.view in workbench.panel.repl
2024-04-04 17:31:21.964 [info] Removed views:workbench.debug.breakPointsView,workbench.debug.callStackView,workbench.debug.watchExpressionsView,workbench.debug.variablesView from workbench.view.debug
2024-04-04 17:31:21.964 [info] Added views:workbench.debug.welcome in workbench.view.debug
2024-04-04 17:31:21.975 [info] Added views:~remote.forwardedPorts in ~remote.forwardedPortsContainer
2024-04-04 17:31:37.448 [info] Added views:workbench.views.extensions.installed,workbench.views.extensions.popular,extensions.recommendedList in workbench.view.extensions
2024-04-04 17:31:37.451 [info] Removed views:workbench.views.extensions.popular from workbench.view.extensions
2024-04-04 17:31:37.652 [info] Added views:workbench.views.extensions.popular in workbench.view.extensions
2024-04-04 17:31:38.025 [info] Removed views:extensions.recommendedList,workbench.views.extensions.popular,workbench.views.extensions.installed from workbench.view.extensions
2024-04-04 17:31:38.035 [info] Added views:workbench.views.extensions.marketplace in workbench.view.extensions
2024-04-04 17:31:43.008 [info] Removed views:workbench.views.extensions.marketplace from workbench.view.extensions
2024-04-04 17:31:43.018 [info] Added views:workbench.views.extensions.installed,workbench.views.extensions.popular,extensions.recommendedList in workbench.view.extensions
2024-04-04 17:31:56.680 [info] Removed views:extensions.recommendedList,workbench.views.extensions.popular,workbench.views.extensions.installed from workbench.view.extensions
2024-04-04 17:31:56.686 [info] Added views:workbench.views.extensions.marketplace in workbench.view.extensions
2024-04-04 17:39:21.851 [info] Removed views:workbench.views.extensions.marketplace from workbench.view.extensions
2024-04-04 17:39:21.863 [info] Added views:workbench.views.extensions.installed,workbench.views.extensions.popular,extensions.recommendedList in workbench.view.extensions
2024-04-04 17:55:32.466 [info] Added views:workbench.debug.breakPointsView in workbench.view.debug
