2024-04-04 17:31:31.381 [info] Reading sessions from keychain...
2024-04-04 17:31:31.381 [info] Getting sessions for all scopes...
2024-04-04 17:31:31.381 [info] Got 0 sessions for ...
2024-04-04 17:31:31.381 [info] Getting sessions for all scopes...
2024-04-04 17:31:31.381 [info] Got 0 sessions for ...
2024-04-04 17:31:31.381 [info] Getting sessions for read:user,repo,user:email,workflow...
2024-04-04 17:31:31.381 [info] Got 0 sessions for read:user,repo,user:email,workflow...
2024-04-04 17:40:49.956 [info] Getting sessions for read:user,repo,user:email,workflow...
2024-04-04 17:40:49.958 [info] Got 0 sessions for read:user,repo,user:email,workflow...
2024-04-04 17:40:54.303 [info] Logging in for the following scopes: read:user repo user:email workflow
2024-04-04 17:40:54.313 [info] Trying without local server... (read:user repo user:email workflow)
2024-04-04 17:43:05.386 [error] User Cancelled
2024-04-04 17:43:16.333 [info] Trying with local server... (read:user repo user:email workflow)
2024-04-04 17:43:21.628 [error] User Cancelled
2024-04-04 17:47:09.966 [info] Getting sessions for read:user,repo,user:email,workflow...
2024-04-04 17:47:09.966 [info] Got 0 sessions for read:user,repo,user:email,workflow...
2024-04-04 17:47:12.394 [info] Logging in for the following scopes: read:user repo user:email workflow
2024-04-04 17:47:12.402 [info] Trying without local server... (read:user repo user:email workflow)
2024-04-04 17:49:13.371 [info] Getting sessions for user:email...
2024-04-04 17:49:13.371 [info] Got 0 sessions for user:email...
2024-04-04 17:49:13.425 [info] Getting sessions for all scopes...
2024-04-04 17:49:13.425 [info] Got 0 sessions for ...
2024-04-04 17:49:18.022 [info] Logging in for the following scopes: user:email
2024-04-04 17:49:18.025 [info] Trying without local server... (user:email)
2024-04-04 17:49:23.503 [error] User Cancelled
2024-04-04 17:49:29.123 [error] User Cancelled
2024-04-04 17:51:45.789 [info] Getting sessions for read:user,repo,user:email,workflow...
2024-04-04 17:51:45.789 [info] Got 0 sessions for read:user,repo,user:email,workflow...
2024-04-04 17:51:48.126 [info] Logging in for the following scopes: read:user repo user:email workflow
2024-04-04 17:51:48.129 [info] Trying without local server... (read:user repo user:email workflow)
2024-04-04 17:52:04.958 [error] User Cancelled
